main 0
{ 0
integer 0
ID (33,0)
, 0
ID (1,0)
, 0
ID (23,0)
; 0
string 0
ID (11,0)
; 0
integer 0
ID (19,0)
; 0
integer 0
list 0
ID (16,0)
; 0
ID (11,0)
= 0
CONST (50,0)
; 0
ID (19,0)
= 0
CONST (38,0)
; 0
outputString 0
( 0
ID (11,0)
) 0
; 0
inputLine 0
( 0
ID (11,0)
) 0
; 0
ID (1,0)
= 0
ID (11,0)
. 0
Integer 0
( 0
) 0
; 0
ID (23,0)
= 0
CONST (38,0)
; 0
outputString 0
( 0
CONST (22,0)
+ 0
ID (1,0)
. 0
String 0
( 0
) 0
+ 0
CONST (4,0)
) 0
do 0
{ 0
ID (16,0)
[ 0
ID (23,0)
] 0
= 0
inputLine 0
( 0
) 0
. 0
Integer 0
( 0
) 0
; 0
ID (19,0)
= 0
ID (19,0)
+ 0
ID (16,0)
[ 0
ID (23,0)
] 0
; 0
ID (23,0)
= 0
ID (23,0)
CONST (39,0)
; 0
} 0
repeat 0
if 0
( 0
ID (1,0)
equals 0
ID (23,0)
) 0
; 0
outputString 0
( 0
CONST (45,0)
+ 0
ID (19,0)
. 0
String 0
( 0
) 0
, 0
CONST (39,0)
) 0
; 0
} 0
