main 0
{ 0
integer 0
ID (18,0)
, 0
ID (19,0)
, 0
ID (20,0)
, 0
ID (34,0)
; 0
ID (18,0)
= 0
inputLine 0
( 0
) 0
. 0
Integer 0
( 0
) 0
; 0
ID (19,0)
= 0
inputLine 0
( 0
) 0
. 0
Integer 0
( 0
) 0
; 0
ID (20,0)
= 0
inputLine 0
( 0
) 0
. 0
Integer 0
( 0
) 0
; 0
ID (34,0)
= 0
ID (18,0)
; 0
is 0
ID (18,0)
> 0
ID (19,0)
? 0
ID (34,0)
= 0
ID (18,0)
| 0
{ 0
ID (34,0)
= 0
ID (19,0)
; 0
} 0
; 0
is 0
ID (20,0)
> 0
ID (34,0)
? 0
ID (34,0)
= 0
ID (20,0)
; 0
outputString 0
( 0
CONST (66,0)
+ 0
ID (34,0)
. 0
String 0
( 0
) 0
, 0
CONST (51,0)
) 0
; 0
} 0
